Compiling the C compiler identification source file "CMakeCCompilerId.c" failed.
Compiler: gcc.exe 
Build flags: 
Id flags:  

The output was:
Das System kann die angegebene Datei nicht finden


Compiling the C compiler identification source file "CMakeCCompilerId.c" failed.
Compiler: gcc.exe 
Build flags: 
Id flags: -c 

The output was:
Das System kann die angegebene Datei nicht finden


Compiling the C compiler identification source file "CMakeCCompilerId.c" failed.
Compiler: gcc.exe 
Build flags: 
Id flags: -Aa 

The output was:
Das System kann die angegebene Datei nicht finden


Compiling the C compiler identification source file "CMakeCCompilerId.c" failed.
Compiler: gcc.exe 
Build flags: 
Id flags: -D__CLASSIC_C__ 

The output was:
Das System kann die angegebene Datei nicht finden


Checking whether the C compiler is IAR using "" did not match "IAR .+ Compiler":
